<?xml version="1.0" encoding="UTF-8"?>
<testsuite xmlns:xsi="http://www.w3.org/2001/XMLSchema-instance" xsi:noNamespaceSchemaLocation="https://maven.apache.org/surefire/maven-surefire-plugin/xsd/surefire-test-report.xsd" name="com.mycompany.webpoi.CommentDaoTest" time="0.718" tests="4" errors="0" skipped="0" failures="0">
  <properties>
[...]
</properties>
  <testcase name="testDisplayComments" classname="com.mycompany.webpoi.CommentDaoTest" time="0.006"/>
  <testcase name="testDeleteComment" classname="com.mycompany.webpoi.CommentDaoTest" time="0.216"/>
  <testcase name="testNonExistentId" classname="com.mycompany.webpoi.CommentDaoTest" time="0.11"/>
  <testcase name="testFindCommentById" classname="com.mycompany.webpoi.CommentDaoTest" time="0.111"/>
</testsuite>